<?xml version="1.0" encoding="UTF-8"?>
<!-- Generated by org.testng.reporters.JUnitReportReporter -->
<testsuite hostname="DESKTOP-5VGD0PP" failures="0" tests="1" name="TestingBasics.Keyboard" time="5.351" errors="0" timestamp="2024-11-22T06:12:36 IST" skipped="0">
  <testcase classname="TestingBasics.Keyboard" name="keyboardactions2" time="5.351"/>
</testsuite> <!-- TestingBasics.Keyboard -->
