<?xml version="1.0" encoding="UTF-8"?>
<!-- Generated by org.testng.reporters.JUnitReportReporter -->
<testsuite hostname="DESKTOP-5VGD0PP" failures="0" tests="1" name="TestingBasics.WindowsHandling" time="5.911" errors="0" timestamp="2024-11-26T05:59:47 IST" skipped="0">
  <testcase classname="TestingBasics.WindowsHandling" name="WH" time="5.911"/>
</testsuite> <!-- TestingBasics.WindowsHandling -->
