<?xml version="1.0" encoding="UTF-8"?>
<!-- Generated by org.testng.reporters.JUnitReportReporter -->
<testsuite hostname="DESKTOP-5VGD0PP" failures="0" tests="2" name="Testcases.MakeMyTripFlighSearch" time="0.007" errors="0" timestamp="2024-12-03T06:25:08 IST" skipped="0">
  <testcase classname="Testcases.MakeMyTripFlighSearch" name="SearchWithSameLocation" time="0.006"/>
  <testcase classname="Testcases.MakeMyTripFlighSearch" name="SearchWithValidFlightDetails" time="0.001"/>
</testsuite> <!-- Testcases.MakeMyTripFlighSearch -->
