<?xml version="1.0" encoding="UTF-8"?>
<!-- Generated by org.testng.reporters.JUnitReportReporter -->
<testsuite hostname="DESKTOP-5VGD0PP" failures="0" tests="1" name="TestingBasics.alertsConcepts" time="4.703" errors="0" timestamp="2024-11-22T06:23:24 IST" skipped="0">
  <testcase classname="TestingBasics.alertsConcepts" name="radiobutton" time="4.703"/>
</testsuite> <!-- TestingBasics.alertsConcepts -->
