<?xml version="1.0" encoding="UTF-8"?>
<!-- Generated by org.testng.reporters.JUnitReportReporter -->
<testsuite hostname="DESKTOP-5VGD0PP" failures="0" tests="1" name="TestingBasics.checkboxandradibutton" time="5.236" errors="0" timestamp="2024-11-19T06:07:29 IST" skipped="0">
  <testcase classname="TestingBasics.checkboxandradibutton" name="checkbox" time="5.236"/>
</testsuite> <!-- TestingBasics.checkboxandradibutton -->
