<?xml version="1.0" encoding="UTF-8"?>
<!-- Generated by org.testng.reporters.JUnitReportReporter -->
<testsuite hostname="DESKTOP-5VGD0PP" failures="0" tests="1" name="TestingBasics.FirstDay" time="4.722" errors="0" timestamp="2024-11-15T06:08:57 IST" skipped="0">
  <testcase classname="TestingBasics.FirstDay" name="Login" time="4.722"/>
</testsuite> <!-- TestingBasics.FirstDay -->
