<?xml version="1.0" encoding="UTF-8"?>
<!-- Generated by org.testng.reporters.JUnitReportReporter -->
<testsuite hostname="DESKTOP-5VGD0PP" failures="0" tests="1" name="TestingBasics.Upload" time="6.121" errors="0" timestamp="2024-11-26T06:27:35 IST" skipped="0">
  <testcase classname="TestingBasics.Upload" name="uploadfile" time="6.121"/>
</testsuite> <!-- TestingBasics.Upload -->
