<?xml version="1.0" encoding="UTF-8"?>
<!-- Generated by org.testng.reporters.JUnitReportReporter -->
<testsuite hostname="DESKTOP-5VGD0PP" failures="0" tests="1" name="TestingBasics.Synchronization" time="7.768" errors="0" timestamp="2024-11-19T05:42:34 IST" skipped="0">
  <testcase classname="TestingBasics.Synchronization" name="AmazonSearch" time="7.768"/>
</testsuite> <!-- TestingBasics.Synchronization -->
