<?xml version="1.0" encoding="UTF-8"?>
<!-- Generated by org.testng.reporters.JUnitReportReporter -->
<testsuite hostname="DESKTOP-5VGD0PP" failures="0" tests="3" name="TestNgCommands.TestNGcommands1" time="0.009" errors="0" timestamp="2024-12-03T05:59:54 IST" skipped="0">
  <testcase classname="TestNgCommands.TestNGcommands1" name="testcase5" time="0.000"/>
  <testcase classname="TestNgCommands.TestNGcommands1" name="testcase6" time="0.002"/>
  <testcase classname="TestNgCommands.TestNGcommands1" name="testcase4" time="0.007"/>
</testsuite> <!-- TestNgCommands.TestNGcommands1 -->
