<?xml version="1.0" encoding="UTF-8"?>
<!-- Generated by org.testng.reporters.JUnitReportReporter -->
<testsuite hostname="DESKTOP-5VGD0PP" failures="0" tests="1" name="TestingBasics.Listconcept" time="4.790" errors="0" timestamp="2024-11-19T06:33:34 IST" skipped="0">
  <testcase classname="TestingBasics.Listconcept" name="dropdownimple" time="4.790"/>
</testsuite> <!-- TestingBasics.Listconcept -->
