<?xml version="1.0" encoding="UTF-8"?>
<!-- Generated by org.testng.reporters.JUnitReportReporter -->
<testsuite hostname="DESKTOP-5VGD0PP" failures="0" tests="1" name="TestingBasics.mousehandlings" time="5.070" errors="0" timestamp="2024-11-22T06:03:40 IST" skipped="0">
  <testcase classname="TestingBasics.mousehandlings" name="dragandDrop" time="5.070"/>
</testsuite> <!-- TestingBasics.mousehandlings -->
