<?xml version="1.0" encoding="UTF-8"?>
<!-- Generated by org.testng.reporters.JUnitReportReporter -->
<testsuite hostname="DESKTOP-5VGD0PP" failures="0" tests="1" name="TestingBasics.FramesConcepts" time="4.246" errors="0" timestamp="2024-11-26T05:48:03 IST" skipped="0">
  <testcase classname="TestingBasics.FramesConcepts" name="keyboardactions" time="4.246"/>
</testsuite> <!-- TestingBasics.FramesConcepts -->
