<?xml version="1.0" encoding="UTF-8"?>
<!-- Generated by org.testng.reporters.JUnitReportReporter -->
<testsuite hostname="DESKTOP-5VGD0PP" failures="0" tests="1" name="TestingBasics.scroll" time="14.832" errors="0" timestamp="2024-11-22T06:38:30 IST" skipped="0">
  <testcase classname="TestingBasics.scroll" name="launch" time="14.832"/>
</testsuite> <!-- TestingBasics.scroll -->
