<?xml version="1.0" encoding="UTF-8"?>
<!-- Generated by org.testng.reporters.JUnitReportReporter -->
<testsuite hostname="DESKTOP-5VGD0PP" failures="0" tests="1" name="TestingBasics.screenshot" time="4.937" errors="0" timestamp="2024-11-22T06:31:58 IST" skipped="0">
  <testcase classname="TestingBasics.screenshot" name="screenhot" time="4.937"/>
</testsuite> <!-- TestingBasics.screenshot -->
