<?xml version="1.0" encoding="UTF-8"?>
<!-- Generated by org.testng.reporters.JUnitReportReporter -->
<testsuite hostname="DESKTOP-JAS0CHU" failures="0" tests="5" name="Testcases.MakeMyTripFlighSearch" time="32.129" errors="0" timestamp="2024-12-10T06:33:07 IST" skipped="0">
  <testcase classname="Testcases.MakeMyTripFlighSearch" name="SearchWithValidFlightDetails" time="7.887"/>
  <testcase classname="Testcases.MakeMyTripFlighSearch" name="SearchWithValidFlightDetails" time="10.104"/>
  <testcase classname="Testcases.MakeMyTripFlighSearch" name="SearchWithValidFlightDetails" time="10.075"/>
  <testcase classname="Testcases.MakeMyTripFlighSearch" name="SearchWithSameLocation" time="1.370"/>
  <testcase classname="Testcases.MakeMyTripFlighSearch" name="SearchWithSameLocation" time="2.693"/>
</testsuite> <!-- Testcases.MakeMyTripFlighSearch -->
