<?xml version="1.0" encoding="UTF-8"?>
<!-- Generated by org.testng.reporters.JUnitReportReporter -->
<testsuite hostname="DESKTOP-5VGD0PP" failures="0" tests="1" name="TestingBasics.Dropdown" time="4.192" errors="0" timestamp="2024-11-19T06:21:32 IST" skipped="0">
  <testcase classname="TestingBasics.Dropdown" name="dropdownimple" time="4.192"/>
</testsuite> <!-- TestingBasics.Dropdown -->
