<?xml version="1.0" encoding="UTF-8"?>
<!-- Generated by org.testng.reporters.JUnitReportReporter -->
<testsuite hostname="DESKTOP-5VGD0PP" failures="0" tests="1" name="TestingBasics.WebTable" time="20.245" errors="0" timestamp="2024-11-26T06:17:26 IST" skipped="0">
  <testcase classname="TestingBasics.WebTable" name="WH" time="20.245"/>
</testsuite> <!-- TestingBasics.WebTable -->
